2019-05-14 23:20:38,719 INFO  main                             - 
Found 1 SOFABoot component health checkers:
class com.alipay.sofa.runtime.spring.health.ComponentHealthChecker
Found 1 HealthIndicator checkers:
class org.springframework.boot.actuate.health.DiskSpaceHealthIndicator

2019-05-14 23:20:38,720 INFO  main                             - Begin first phase of the readiness check
2019-05-14 23:20:38,721 INFO  main                             - Begin SpringContext readiness check.
2019-05-14 23:20:38,721 INFO  main                             - SpringContext readiness check result: success.
2019-05-14 23:20:38,721 INFO  main                             - Begin SOFABoot component readiness check.
2019-05-14 23:20:38,721 INFO  main                             - component readiness check success. component name[RUNTIME-COMPONENT]; no retry.
2019-05-14 23:20:38,721 INFO  main                             - SOFABoot component readiness check result: success.
2019-05-14 23:20:38,721 INFO  main                             - Begin HealthIndicator readiness check.
2019-05-14 23:20:38,721 INFO  main                             - HealthIndicator (class org.springframework.boot.actuate.health.DiskSpaceHealthIndicator)check success.
2019-05-14 23:20:38,722 INFO  main                             - Readiness check HealthIndicator result: success.
2019-05-14 23:20:38,722 INFO  main                             - first phase of the readiness check result: success
2019-05-14 23:20:38,722 INFO  main                             - Begin second phase of the readiness check
2019-05-14 23:20:38,722 INFO  main                             - Begin SofaBootMiddlewareAfterReadinessCheckCallback readiness check
2019-05-14 23:20:38,758 INFO  main                             - SOFABoot middleware after readiness check callback(class com.alipay.sofa.rpc.boot.health.RpcAfterHealthCheckCallback) ]success.
2019-05-14 23:20:38,758 INFO  main                             - SofaBootMiddlewareAfterReadinessCheckCallback readiness check result: success.
2019-05-14 23:20:38,758 INFO  main                             - Begin SofaBootAfterReadinessCheckCallback readiness check
2019-05-14 23:20:38,758 INFO  main                             - SofaBootAfterReadinessCheckCallback readiness check result: success.
2019-05-14 23:20:38,758 INFO  main                             - SOFABoot readiness check callback : success.
2019-05-14 23:20:38,758 INFO  main                             - second phase of the readiness check result: success
2019-05-14 23:20:38,758 INFO  main                             - Readiness check result: success
2019-05-14 23:20:39,339 INFO  RMI TCP Connection(3)-192.168.10.169 - Begin SOFABoot component readiness check.
2019-05-14 23:20:39,339 INFO  RMI TCP Connection(3)-192.168.10.169 - component readiness check success. component name[RUNTIME-COMPONENT]; no retry.
2019-05-14 23:20:39,339 INFO  RMI TCP Connection(3)-192.168.10.169 - SOFABoot component readiness check result: success.
2019-05-14 23:20:39,339 INFO  RMI TCP Connection(3)-192.168.10.169 - Begin SpringContext readiness check.
2019-05-14 23:20:39,339 INFO  RMI TCP Connection(3)-192.168.10.169 - SpringContext readiness check result: success.
