2019-05-14 23:13:23.942  INFO 1673 --- [main] com.shgx.sofa.SofaApplication            : Starting SofaApplication on guangxushanMacBook-Pro.local with PID 1673 (/Users/guangxush/IDEA/SpringBoot_SOFA/target/classes started by guangxush in /Users/guangxush/IDEA/SpringBoot_SOFA)
2019-05-14 23:13:23.946  INFO 1673 --- [main] com.shgx.sofa.SofaApplication            : No active profile set, falling back to default profiles: default
2019-05-14 23:13:24.539  INFO 1673 --- [main] com.shgx.sofa.SofaApplication            : Started SofaApplication in 0.992 seconds (JVM running for 1.624)
2019-05-14 23:20:36.578  INFO 1847 --- [main] com.alipay.sofa.common.log               : Sofa-Middleware-Log SLF4J : Actual logging.path is [ ./logs ]
2019-05-14 23:20:36.583  INFO 1847 --- [main] com.alipay.sofa.common.log               : Sofa-Middleware-Log SLF4J : Actual binding is of type [ com.alipay.sofa.infra Logback ]
2019-05-14 23:20:36.668  INFO 1847 --- [main] com.alipay.sofa.common.log               : Sofa-Middleware-Log SLF4J : Actual binding is of type [ com.alipay.sofa.healthcheck Logback ]
2019-05-14 23:20:36.691  INFO 1847 --- [main] com.shgx.sofa.SofaApplication            : Starting SofaApplication on guangxushanMacBook-Pro.local with PID 1847 (/Users/guangxush/IDEA/SpringBoot_SOFA/target/classes started by guangxush in /Users/guangxush/IDEA/SpringBoot_SOFA)
2019-05-14 23:20:36.692  INFO 1847 --- [main] com.shgx.sofa.SofaApplication            : No active profile set, falling back to default profiles: default
2019-05-14 23:20:36.725  INFO 1847 --- [main] ationConfigEmbeddedWebApplicationContext : Refreshing org.springframework.boot.context.embedded.AnnotationConfigEmbeddedWebApplicationContext@14dd9eb7: startup date [Tue May 14 23:20:36 CST 2019]; root of context hierarchy
2019-05-14 23:20:37.704  INFO 1847 --- [main] s.b.c.e.t.TomcatEmbeddedServletContainer : Tomcat initialized with port(s): 8080 (http)
2019-05-14 23:20:37.711  INFO 1847 --- [main] o.apache.catalina.core.StandardService   : Starting service Tomcat
2019-05-14 23:20:37.712  INFO 1847 --- [main] org.apache.catalina.core.StandardEngine  : Starting Servlet Engine: Apache Tomcat/8.5.6
2019-05-14 23:20:37.778  INFO 1847 --- [localhost-startStop-1] o.a.c.c.C.[Tomcat].[localhost].[/]       : Initializing Spring embedded WebApplicationContext
2019-05-14 23:20:37.778  INFO 1847 --- [localhost-startStop-1] o.s.web.context.ContextLoader            : Root WebApplicationContext: initialization completed in 1053 ms
2019-05-14 23:20:37.954  INFO 1847 --- [localhost-startStop-1] o.s.b.w.servlet.ServletRegistrationBean  : Mapping servlet: 'dispatcherServlet' to [/]
2019-05-14 23:20:37.957  INFO 1847 --- [localhost-startStop-1] o.s.b.w.servlet.FilterRegistrationBean   : Mapping filter: 'metricsFilter' to: [/*]
2019-05-14 23:20:37.957  INFO 1847 --- [localhost-startStop-1] o.s.b.w.servlet.FilterRegistrationBean   : Mapping filter: 'characterEncodingFilter' to: [/*]
2019-05-14 23:20:37.958  INFO 1847 --- [localhost-startStop-1] o.s.b.w.servlet.FilterRegistrationBean   : Mapping filter: 'hiddenHttpMethodFilter' to: [/*]
2019-05-14 23:20:37.958  INFO 1847 --- [localhost-startStop-1] o.s.b.w.servlet.FilterRegistrationBean   : Mapping filter: 'httpPutFormContentFilter' to: [/*]
2019-05-14 23:20:37.958  INFO 1847 --- [localhost-startStop-1] o.s.b.w.servlet.FilterRegistrationBean   : Mapping filter: 'requestContextFilter' to: [/*]
2019-05-14 23:20:37.958  INFO 1847 --- [localhost-startStop-1] o.s.b.w.servlet.FilterRegistrationBean   : Mapping filter: 'webRequestLoggingFilter' to: [/*]
2019-05-14 23:20:37.958  INFO 1847 --- [localhost-startStop-1] o.s.b.w.servlet.FilterRegistrationBean   : Mapping filter: 'applicationContextIdFilter' to: [/*]
2019-05-14 23:20:37.998  INFO 1847 --- [main] com.alipay.sofa.common.log               : Sofa-Middleware-Log SLF4J : Actual binding is of type [ com.alipay.sofa.rpc.boot Logback ]
2019-05-14 23:20:38.229  INFO 1847 --- [main] s.w.s.m.m.a.RequestMappingHandlerAdapter : Looking for @ControllerAdvice: org.springframework.boot.context.embedded.AnnotationConfigEmbeddedWebApplicationContext@14dd9eb7: startup date [Tue May 14 23:20:36 CST 2019]; root of context hierarchy
2019-05-14 23:20:38.292  INFO 1847 --- [main] s.w.s.m.m.a.RequestMappingHandlerMapping : Mapped "{[/error]}" onto public org.springframework.http.ResponseEntity<java.util.Map<java.lang.String, java.lang.Object>> org.springframework.boot.autoconfigure.web.BasicErrorController.error(javax.servlet.http.HttpServletRequest)
2019-05-14 23:20:38.293  INFO 1847 --- [main] s.w.s.m.m.a.RequestMappingHandlerMapping : Mapped "{[/error],produces=[text/html]}" onto public org.springframework.web.servlet.ModelAndView org.springframework.boot.autoconfigure.web.BasicErrorController.errorHtml(javax.servlet.http.HttpServletRequest,javax.servlet.http.HttpServletResponse)
2019-05-14 23:20:38.316  INFO 1847 --- [main] o.s.w.s.handler.SimpleUrlHandlerMapping  : Mapped URL path [/webjars/**] onto handler of type [class org.springframework.web.servlet.resource.ResourceHttpRequestHandler]
2019-05-14 23:20:38.316  INFO 1847 --- [main] o.s.w.s.handler.SimpleUrlHandlerMapping  : Mapped URL path [/**] onto handler of type [class org.springframework.web.servlet.resource.ResourceHttpRequestHandler]
2019-05-14 23:20:38.341  INFO 1847 --- [main] o.s.w.s.handler.SimpleUrlHandlerMapping  : Mapped URL path [/**/favicon.ico] onto handler of type [class org.springframework.web.servlet.resource.ResourceHttpRequestHandler]
2019-05-14 23:20:38.569  INFO 1847 --- [main] o.s.b.a.e.mvc.EndpointHandlerMapping     : Mapped "{[/sofaboot/versions || /sofaboot/versions.json],methods=[GET],produces=[application/json]}" onto public java.lang.Object org.springframework.boot.actuate.endpoint.mvc.EndpointMvcAdapter.invoke()
2019-05-14 23:20:38.569  INFO 1847 --- [main] o.s.b.a.e.mvc.EndpointHandlerMapping     : Mapped "{[/trace || /trace.json],methods=[GET],produces=[application/json]}" onto public java.lang.Object org.springframework.boot.actuate.endpoint.mvc.EndpointMvcAdapter.invoke()
2019-05-14 23:20:38.570  INFO 1847 --- [main] o.s.b.a.e.mvc.EndpointHandlerMapping     : Mapped "{[/metrics/{name:.*}],methods=[GET],produces=[application/json]}" onto public java.lang.Object org.springframework.boot.actuate.endpoint.mvc.MetricsMvcEndpoint.value(java.lang.String)
2019-05-14 23:20:38.570  INFO 1847 --- [main] o.s.b.a.e.mvc.EndpointHandlerMapping     : Mapped "{[/metrics || /metrics.json],methods=[GET],produces=[application/json]}" onto public java.lang.Object org.springframework.boot.actuate.endpoint.mvc.EndpointMvcAdapter.invoke()
2019-05-14 23:20:38.571  INFO 1847 --- [main] o.s.b.a.e.mvc.EndpointHandlerMapping     : Mapped "{[/info || /info.json],methods=[GET],produces=[application/json]}" onto public java.lang.Object org.springframework.boot.actuate.endpoint.mvc.EndpointMvcAdapter.invoke()
2019-05-14 23:20:38.572  INFO 1847 --- [main] o.s.b.a.e.mvc.EndpointHandlerMapping     : Mapped "{[/mappings || /mappings.json],methods=[GET],produces=[application/json]}" onto public java.lang.Object org.springframework.boot.actuate.endpoint.mvc.EndpointMvcAdapter.invoke()
2019-05-14 23:20:38.572  INFO 1847 --- [main] o.s.b.a.e.mvc.EndpointHandlerMapping     : Mapped "{[/autoconfig || /autoconfig.json],methods=[GET],produces=[application/json]}" onto public java.lang.Object org.springframework.boot.actuate.endpoint.mvc.EndpointMvcAdapter.invoke()
2019-05-14 23:20:38.575  INFO 1847 --- [main] o.s.b.a.e.mvc.EndpointHandlerMapping     : Mapped "{[/env/{name:.*}],methods=[GET],produces=[application/json]}" onto public java.lang.Object org.springframework.boot.actuate.endpoint.mvc.EnvironmentMvcEndpoint.value(java.lang.String)
2019-05-14 23:20:38.576  INFO 1847 --- [main] o.s.b.a.e.mvc.EndpointHandlerMapping     : Mapped "{[/env || /env.json],methods=[GET],produces=[application/json]}" onto public java.lang.Object org.springframework.boot.actuate.endpoint.mvc.EndpointMvcAdapter.invoke()
2019-05-14 23:20:38.576  INFO 1847 --- [main] o.s.b.a.e.mvc.EndpointHandlerMapping     : Mapped "{[/dump || /dump.json],methods=[GET],produces=[application/json]}" onto public java.lang.Object org.springframework.boot.actuate.endpoint.mvc.EndpointMvcAdapter.invoke()
2019-05-14 23:20:38.577  INFO 1847 --- [main] o.s.b.a.e.mvc.EndpointHandlerMapping     : Mapped "{[/health/readiness || /health/readiness.json],produces=[application/json]}" onto public java.lang.Object com.alipay.sofa.healthcheck.service.SofaBootReadinessCheckMvcEndpoint.invoke(java.security.Principal)
2019-05-14 23:20:38.577  INFO 1847 --- [main] o.s.b.a.e.mvc.EndpointHandlerMapping     : Mapped "{[/beans || /beans.json],methods=[GET],produces=[application/json]}" onto public java.lang.Object org.springframework.boot.actuate.endpoint.mvc.EndpointMvcAdapter.invoke()
2019-05-14 23:20:38.578  INFO 1847 --- [main] o.s.b.a.e.mvc.EndpointHandlerMapping     : Mapped "{[/health || /health.json],produces=[application/json]}" onto public java.lang.Object org.springframework.boot.actuate.endpoint.mvc.HealthMvcEndpoint.invoke(java.security.Principal)
2019-05-14 23:20:38.578  INFO 1847 --- [main] o.s.b.a.e.mvc.EndpointHandlerMapping     : Mapped "{[/configprops || /configprops.json],methods=[GET],produces=[application/json]}" onto public java.lang.Object org.springframework.boot.actuate.endpoint.mvc.EndpointMvcAdapter.invoke()
2019-05-14 23:20:38.578  INFO 1847 --- [main] o.s.b.a.e.mvc.EndpointHandlerMapping     : Mapped "{[/logfile || /logfile.json],methods=[GET || HEAD]}" onto public void org.springframework.boot.actuate.endpoint.mvc.LogFileMvcEndpoint.invoke(javax.servlet.http.HttpServletRequest,javax.servlet.http.HttpServletResponse) throws javax.servlet.ServletException,java.io.IOException
2019-05-14 23:20:38.579  INFO 1847 --- [main] o.s.b.a.e.mvc.EndpointHandlerMapping     : Mapped "{[/heapdump || /heapdump.json],methods=[GET],produces=[application/octet-stream]}" onto public void org.springframework.boot.actuate.endpoint.mvc.HeapdumpMvcEndpoint.invoke(boolean,javax.servlet.http.HttpServletRequest,javax.servlet.http.HttpServletResponse) throws java.io.IOException,javax.servlet.ServletException
2019-05-14 23:20:38.654  INFO 1847 --- [main] o.s.j.e.a.AnnotationMBeanExporter        : Registering beans for JMX exposure on startup
2019-05-14 23:20:38.662  INFO 1847 --- [main] o.s.c.support.DefaultLifecycleProcessor  : Starting beans in phase 0
2019-05-14 23:20:38.729  INFO 1847 --- [main] com.alipay.sofa.common.log               : Sofa-Middleware-Log SLF4J : Actual binding is of type [ com.alipay.sofa.rpc Logback ]
2019-05-14 23:20:38.807  INFO 1847 --- [main] s.b.c.e.t.TomcatEmbeddedServletContainer : Tomcat started on port(s): 8080 (http)
2019-05-14 23:20:38.812  INFO 1847 --- [main] com.shgx.sofa.SofaApplication            : Started SofaApplication in 2.491 seconds (JVM running for 3.144)
2019-05-14 23:33:28.038  INFO 1847 --- [http-nio-8080-exec-1] o.a.c.c.C.[Tomcat].[localhost].[/]       : Initializing Spring FrameworkServlet 'dispatcherServlet'
2019-05-14 23:33:28.038  INFO 1847 --- [http-nio-8080-exec-1] o.s.web.servlet.DispatcherServlet        : FrameworkServlet 'dispatcherServlet': initialization started
2019-05-14 23:33:28.053  INFO 1847 --- [http-nio-8080-exec-1] o.s.web.servlet.DispatcherServlet        : FrameworkServlet 'dispatcherServlet': initialization completed in 14 ms
